termproj3/app/build/outputs/logs/manifest-merger-debug-report.txt
-- Merging decision tree log ---
manifest
ADDED from src\main\AndroidManifest.xml:1:1-23:12
	xmlns:android
		ADDED from src\main\AndroidManifest.xml:2:5-63
	package
		ADDED from src\main\AndroidManifest.xml:1:11-53
		INJECTED from src\main\AndroidManifest.xml
		INJECTED from src\main\AndroidManifest.xml
	android:versionName
		INJECTED from src\main\AndroidManifest.xml
		INJECTED from src\main\AndroidManifest.xml
	android:versionCode
		INJECTED from src\main\AndroidManifest.xml
		INJECTED from src\main\AndroidManifest.xml
application
ADDED from src\main\AndroidManifest.xml:4:2-21:16
MERGED from [com.android.support:appcompat-v7:23.1.1] AndroidManifest.xml:22:5-20
MERGED from [com.android.support:support-v4:23.1.1] AndroidManifest.xml:22:5-20
	android:supportsRtl
		ADDED from src\main\AndroidManifest.xml:8:3-29
	android:label
		ADDED from src\main\AndroidManifest.xml:7:3-35
	android:allowBackup
		ADDED from src\main\AndroidManifest.xml:5:3-29
	android:icon
		ADDED from src\main\AndroidManifest.xml:6:3-37
	android:theme
		ADDED from src\main\AndroidManifest.xml:9:3-34
activity#com.medialab.android_gles_sample.MainActivity
ADDED from src\main\AndroidManifest.xml:10:3-17:14
	android:label
		ADDED from src\main\AndroidManifest.xml:12:4-36
	android:name
		ADDED from src\main\AndroidManifest.xml:11:4-64
intent-filter#android.intent.action.MAIN+android.intent.category.LAUNCHER
ADDED from src\main\AndroidManifest.xml:13:4-16:20
action#android.intent.action.MAIN
ADDED from src\main\AndroidManifest.xml:14:5-57
	android:name
		ADDED from src\main\AndroidManifest.xml:14:13-54
category#android.intent.category.LAUNCHER
ADDED from src\main\AndroidManifest.xml:15:5-65
	android:name
		ADDED from src\main\AndroidManifest.xml:15:15-62
activity#com.medialab.android_gles_sample.sample.ColoringView
ADDED from src\main\AndroidManifest.xml:18:3-82
	android:name
		ADDED from src\main\AndroidManifest.xml:18:13-80
activity#com.medialab.android_gles_sample.sample.FragLightingView
ADDED from src\main\AndroidManifest.xml:19:3-86
	android:name
		ADDED from src\main\AndroidManifest.xml:19:13-84
uses-sdk
INJECTED from src\main\AndroidManifest.xml reason: use-sdk injection requested
MERGED from [com.android.support:appcompat-v7:23.1.1] AndroidManifest.xml:20:5-43
MERGED from [com.android.support:support-v4:23.1.1] AndroidManifest.xml:20:5-43
	android:targetSdkVersion
		INJECTED from src\main\AndroidManifest.xml
		INJECTED from src\main\AndroidManifest.xml
	android:minSdkVersion
		INJECTED from src\main\AndroidManifest.xml
		INJECTED from src\main\AndroidManifest.xml